<?xml version="1.0" encoding="UTF-8"?>
<testsuite name="LexicographicOrderTaskTest" tests="5" skipped="0" failures="0" errors="0" timestamp="2021-04-12T13:14:26" hostname="MZET" time="0.056">
  <properties/>
  <testcase name="test1()" classname="LexicographicOrderTaskTest" time="0.044"/>
  <testcase name="test2()" classname="LexicographicOrderTaskTest" time="0.0"/>
  <testcase name="test3()" classname="LexicographicOrderTaskTest" time="0.0"/>
  <testcase name="test4()" classname="LexicographicOrderTaskTest" time="0.007"/>
  <testcase name="test5()" classname="LexicographicOrderTaskTest" time="0.001"/>
  <system-out><![CDATA[]]></system-out>
  <system-err><![CDATA[]]></system-err>
</testsuite>
